

Started GET "/shop/index" for 127.0.0.1 at 2015-12-01 09:34:11 +0530
  [1m[36mActiveRecord::SchemaMigration Load (64.7ms)[0m  [1mSELECT "schema_migrations".* FROM "schema_migrations"[0m
Processing by ShopController#index as HTML
  Rendered partials/_tabs.html.erb (2.7ms)
  [1m[35m (14.1ms)[0m  SELECT COUNT(*) FROM "shops" WHERE (is_deleted = 'f')
  [1m[36mShop Load (0.5ms)[0m  [1mSELECT "shops".* FROM "shops" WHERE (is_deleted = 'f')[0m
  [1m[35m (20.2ms)[0m  SELECT COUNT(*) FROM "shop_images" WHERE "shop_images"."shop_id" = $1  [["shop_id", 7]]
  [1m[36mShopImage Load (0.8ms)[0m  [1mSELECT "shop_images".* FROM "shop_images" WHERE "shop_images"."shop_id" = $1[0m  [["shop_id", 7]]
  [1m[35m (0.4ms)[0m  SELECT COUNT(*) FROM "shop_images" WHERE "shop_images"."shop_id" = $1  [["shop_id", 8]]
  [1m[36mShopImage Load (0.3ms)[0m  [1mSELECT "shop_images".* FROM "shop_images" WHERE "shop_images"."shop_id" = $1[0m  [["shop_id", 8]]
  [1m[35m (0.3ms)[0m  SELECT COUNT(*) FROM "shop_images" WHERE "shop_images"."shop_id" = $1  [["shop_id", 41]]
  [1m[36mShopImage Load (0.2ms)[0m  [1mSELECT "shop_images".* FROM "shop_images" WHERE "shop_images"."shop_id" = $1[0m  [["shop_id", 41]]
  Rendered shop/index.html.erb within layouts/application (179.2ms)
Completed 200 OK in 775ms (Views: 641.0ms | ActiveRecord: 42.2ms)


Started GET "/assets/application.css?body=1" for 127.0.0.1 at 2015-12-01 09:34:13 +0530


Started GET "/assets/bootstrap.css?body=1" for 127.0.0.1 at 2015-12-01 09:34:13 +0530


Started GET "/assets/jquery.js?body=1" for 127.0.0.1 at 2015-12-01 09:34:13 +0530


Started GET "/assets/bootstrap-theme.css?body=1" for 127.0.0.1 at 2015-12-01 09:34:13 +0530


Started GET "/assets/font-awesome.css?body=1" for 127.0.0.1 at 2015-12-01 09:34:13 +0530


Started GET "/assets/theme.css?body=1" for 127.0.0.1 at 2015-12-01 09:34:13 +0530


Started GET "/assets/jquery-2.1.4.min.js?body=1" for 127.0.0.1 at 2015-12-01 09:34:13 +0530


Started GET "/assets/jquery_ujs.js?body=1" for 127.0.0.1 at 2015-12-01 09:34:13 +0530


Started GET "/assets/jquery.iframe-transport.js?body=1" for 127.0.0.1 at 2015-12-01 09:34:13 +0530


Started GET "/assets/jquery.remotipart.js?body=1" for 127.0.0.1 at 2015-12-01 09:34:13 +0530


Started GET "/assets/underscore.js?body=1" for 127.0.0.1 at 2015-12-01 09:34:13 +0530


Started GET "/assets/gmaps/base.js?body=1" for 127.0.0.1 at 2015-12-01 09:34:13 +0530


Started GET "/assets/gmaps/base/base.js?body=1" for 127.0.0.1 at 2015-12-01 09:34:13 +0530


Started GET "/assets/gmaps/objects/base_builder.js?body=1" for 127.0.0.1 at 2015-12-01 09:34:13 +0530


Started GET "/assets/gmaps/objects/builder.js?body=1" for 127.0.0.1 at 2015-12-01 09:34:13 +0530


Started GET "/assets/gmaps/objects/handler.js?body=1" for 127.0.0.1 at 2015-12-01 09:34:13 +0530


Started GET "/assets/gmaps/google/objects/common.js?body=1" for 127.0.0.1 at 2015-12-01 09:34:13 +0530


Started GET "/assets/gmaps/objects/null_clusterer.js?body=1" for 127.0.0.1 at 2015-12-01 09:34:13 +0530


Started GET "/assets/gmaps/google/builders/bound.js?body=1" for 127.0.0.1 at 2015-12-01 09:34:13 +0530


Started GET "/assets/gmaps/google/builders/circle.js?body=1" for 127.0.0.1 at 2015-12-01 09:34:13 +0530


Started GET "/assets/gmaps/google/builders/clusterer.js?body=1" for 127.0.0.1 at 2015-12-01 09:34:13 +0530


Started GET "/assets/gmaps/google/builders/kml.js?body=1" for 127.0.0.1 at 2015-12-01 09:34:13 +0530


Started GET "/assets/gmaps/google/builders/map.js?body=1" for 127.0.0.1 at 2015-12-01 09:34:13 +0530


Started GET "/assets/gmaps/google/builders/marker.js?body=1" for 127.0.0.1 at 2015-12-01 09:34:13 +0530


Started GET "/assets/gmaps/google/builders/polygon.js?body=1" for 127.0.0.1 at 2015-12-01 09:34:13 +0530


Started GET "/assets/gmaps/google/builders/polyline.js?body=1" for 127.0.0.1 at 2015-12-01 09:34:13 +0530


Started GET "/assets/gmaps/google/objects/circle.js?body=1" for 127.0.0.1 at 2015-12-01 09:34:13 +0530


Started GET "/assets/gmaps/google/objects/bound.js?body=1" for 127.0.0.1 at 2015-12-01 09:34:13 +0530


Started GET "/assets/gmaps/google/objects/clusterer.js?body=1" for 127.0.0.1 at 2015-12-01 09:34:13 +0530


Started GET "/assets/gmaps/google/objects/kml.js?body=1" for 127.0.0.1 at 2015-12-01 09:34:13 +0530


Started GET "/assets/gmaps/google/objects/map.js?body=1" for 127.0.0.1 at 2015-12-01 09:34:13 +0530


Started GET "/assets/gmaps/google/objects/marker.js?body=1" for 127.0.0.1 at 2015-12-01 09:34:13 +0530


Started GET "/assets/gmaps/google/objects/polygon.js?body=1" for 127.0.0.1 at 2015-12-01 09:34:13 +0530


Started GET "/assets/gmaps/google/objects/polyline.js?body=1" for 127.0.0.1 at 2015-12-01 09:34:13 +0530


Started GET "/assets/gmaps/google/primitives.js?body=1" for 127.0.0.1 at 2015-12-01 09:34:13 +0530


Started GET "/assets/gmaps/google.js?body=1" for 127.0.0.1 at 2015-12-01 09:34:13 +0530


Started GET "/assets/turbolinks.js?body=1" for 127.0.0.1 at 2015-12-01 09:34:13 +0530


Started GET "/assets/bootstrap-growl.min.js?body=1" for 127.0.0.1 at 2015-12-01 09:34:13 +0530


Started GET "/assets/application.js?body=1" for 127.0.0.1 at 2015-12-01 09:34:13 +0530


Started GET "/assets/bootstrap.js?body=1" for 127.0.0.1 at 2015-12-01 09:34:13 +0530


Started GET "/assets/shop.js?body=1" for 127.0.0.1 at 2015-12-01 09:34:13 +0530


Started GET "/assets/Logo.png" for 127.0.0.1 at 2015-12-01 09:34:13 +0530


Started GET "/Repository/ShopImages/7/events.jpg" for 127.0.0.1 at 2015-12-01 09:34:13 +0530

ActionController::RoutingError (No route matches [GET] "/Repository/ShopImages/7/events.jpg"):
  actionpack (4.0.2) lib/action_dispatch/middleware/debug_exceptions.rb:21:in `call'
  actionpack (4.0.2) lib/action_dispatch/middleware/show_exceptions.rb:30:in `call'
  railties (4.0.2) lib/rails/rack/logger.rb:38:in `call_app'
  railties (4.0.2) lib/rails/rack/logger.rb:20:in `block in call'
  activesupport (4.0.2) lib/active_support/tagged_logging.rb:67:in `block in tagged'
  activesupport (4.0.2) lib/active_support/tagged_logging.rb:25:in `tagged'
  activesupport (4.0.2) lib/active_support/tagged_logging.rb:67:in `tagged'
  railties (4.0.2) lib/rails/rack/logger.rb:20:in `call'
  actionpack (4.0.2) lib/action_dispatch/middleware/request_id.rb:21:in `call'
  rack (1.5.5) lib/rack/methodoverride.rb:21:in `call'
  rack (1.5.5) lib/rack/runtime.rb:17:in `call'
  activesupport (4.0.2) lib/active_support/cache/strategy/local_cache.rb:83:in `call'
  rack (1.5.5) lib/rack/lock.rb:17:in `call'
  actionpack (4.0.2) lib/action_dispatch/middleware/static.rb:64:in `call'
  rack (1.5.5) lib/rack/sendfile.rb:112:in `call'
  railties (4.0.2) lib/rails/engine.rb:511:in `call'
  railties (4.0.2) lib/rails/application.rb:97:in `call'
  rack (1.5.5) lib/rack/lock.rb:17:in `call'
  rack (1.5.5) lib/rack/content_length.rb:14:in `call'
  rack (1.5.5) lib/rack/handler/webrick.rb:60:in `service'
  /home/shrilatha/.rvm/rubies/ruby-1.9.3-p484/lib/ruby/1.9.1/webrick/httpserver.rb:138:in `service'
  /home/shrilatha/.rvm/rubies/ruby-1.9.3-p484/lib/ruby/1.9.1/webrick/httpserver.rb:94:in `run'
  /home/shrilatha/.rvm/rubies/ruby-1.9.3-p484/lib/ruby/1.9.1/webrick/server.rb:191:in `block in start_thread'


  Rendered /home/shrilatha/.rvm/gems/ruby-1.9.3-p484/gems/actionpack-4.0.2/lib/action_dispatch/middleware/templates/rescues/_trace.erb (1.4ms)
  Rendered /home/shrilatha/.rvm/gems/ruby-1.9.3-p484/gems/actionpack-4.0.2/lib/action_dispatch/middleware/templates/routes/_route.html.erb (1.7ms)
  Rendered /home/shrilatha/.rvm/gems/ruby-1.9.3-p484/gems/actionpack-4.0.2/lib/action_dispatch/middleware/templates/routes/_table.html.erb (13.4ms)
  Rendered /home/shrilatha/.rvm/gems/ruby-1.9.3-p484/gems/actionpack-4.0.2/lib/action_dispatch/middleware/templates/rescues/routing_error.erb within rescues/layout (37.8ms)


Started GET "/Repository/ShopImages/7/Disney_on_Ice_Frozen.jpg" for 127.0.0.1 at 2015-12-01 09:34:13 +0530

ActionController::RoutingError (No route matches [GET] "/Repository/ShopImages/7/Disney_on_Ice_Frozen.jpg"):
  actionpack (4.0.2) lib/action_dispatch/middleware/debug_exceptions.rb:21:in `call'
  actionpack (4.0.2) lib/action_dispatch/middleware/show_exceptions.rb:30:in `call'
  railties (4.0.2) lib/rails/rack/logger.rb:38:in `call_app'
  railties (4.0.2) lib/rails/rack/logger.rb:20:in `block in call'
  activesupport (4.0.2) lib/active_support/tagged_logging.rb:67:in `block in tagged'
  activesupport (4.0.2) lib/active_support/tagged_logging.rb:25:in `tagged'
  activesupport (4.0.2) lib/active_support/tagged_logging.rb:67:in `tagged'
  railties (4.0.2) lib/rails/rack/logger.rb:20:in `call'
  actionpack (4.0.2) lib/action_dispatch/middleware/request_id.rb:21:in `call'
  rack (1.5.5) lib/rack/methodoverride.rb:21:in `call'
  rack (1.5.5) lib/rack/runtime.rb:17:in `call'
  activesupport (4.0.2) lib/active_support/cache/strategy/local_cache.rb:83:in `call'
  rack (1.5.5) lib/rack/lock.rb:17:in `call'
  actionpack (4.0.2) lib/action_dispatch/middleware/static.rb:64:in `call'
  rack (1.5.5) lib/rack/sendfile.rb:112:in `call'
  railties (4.0.2) lib/rails/engine.rb:511:in `call'
  railties (4.0.2) lib/rails/application.rb:97:in `call'
  rack (1.5.5) lib/rack/lock.rb:17:in `call'
  rack (1.5.5) lib/rack/content_length.rb:14:in `call'
  rack (1.5.5) lib/rack/handler/webrick.rb:60:in `service'
  /home/shrilatha/.rvm/rubies/ruby-1.9.3-p484/lib/ruby/1.9.1/webrick/httpserver.rb:138:in `service'
  /home/shrilatha/.rvm/rubies/ruby-1.9.3-p484/lib/ruby/1.9.1/webrick/httpserver.rb:94:in `run'
  /home/shrilatha/.rvm/rubies/ruby-1.9.3-p484/lib/ruby/1.9.1/webrick/server.rb:191:in `block in start_thread'


  Rendered /home/shrilatha/.rvm/gems/ruby-1.9.3-p484/gems/actionpack-4.0.2/lib/action_dispatch/middleware/templates/rescues/_trace.erb (1.7ms)
  Rendered /home/shrilatha/.rvm/gems/ruby-1.9.3-p484/gems/actionpack-4.0.2/lib/action_dispatch/middleware/templates/routes/_route.html.erb (1.7ms)
  Rendered /home/shrilatha/.rvm/gems/ruby-1.9.3-p484/gems/actionpack-4.0.2/lib/action_dispatch/middleware/templates/routes/_table.html.erb (1.6ms)
  Rendered /home/shrilatha/.rvm/gems/ruby-1.9.3-p484/gems/actionpack-4.0.2/lib/action_dispatch/middleware/templates/rescues/routing_error.erb within rescues/layout (24.7ms)


Started GET "/Repository/ShopImages/7/concert.jpg" for 127.0.0.1 at 2015-12-01 09:34:14 +0530

ActionController::RoutingError (No route matches [GET] "/Repository/ShopImages/7/concert.jpg"):
  actionpack (4.0.2) lib/action_dispatch/middleware/debug_exceptions.rb:21:in `call'
  actionpack (4.0.2) lib/action_dispatch/middleware/show_exceptions.rb:30:in `call'
  railties (4.0.2) lib/rails/rack/logger.rb:38:in `call_app'
  railties (4.0.2) lib/rails/rack/logger.rb:20:in `block in call'
  activesupport (4.0.2) lib/active_support/tagged_logging.rb:67:in `block in tagged'
  activesupport (4.0.2) lib/active_support/tagged_logging.rb:25:in `tagged'
  activesupport (4.0.2) lib/active_support/tagged_logging.rb:67:in `tagged'
  railties (4.0.2) lib/rails/rack/logger.rb:20:in `call'
  actionpack (4.0.2) lib/action_dispatch/middleware/request_id.rb:21:in `call'
  rack (1.5.5) lib/rack/methodoverride.rb:21:in `call'
  rack (1.5.5) lib/rack/runtime.rb:17:in `call'
  activesupport (4.0.2) lib/active_support/cache/strategy/local_cache.rb:83:in `call'
  rack (1.5.5) lib/rack/lock.rb:17:in `call'
  actionpack (4.0.2) lib/action_dispatch/middleware/static.rb:64:in `call'
  rack (1.5.5) lib/rack/sendfile.rb:112:in `call'
  railties (4.0.2) lib/rails/engine.rb:511:in `call'
  railties (4.0.2) lib/rails/application.rb:97:in `call'
  rack (1.5.5) lib/rack/lock.rb:17:in `call'
  rack (1.5.5) lib/rack/content_length.rb:14:in `call'
  rack (1.5.5) lib/rack/handler/webrick.rb:60:in `service'
  /home/shrilatha/.rvm/rubies/ruby-1.9.3-p484/lib/ruby/1.9.1/webrick/httpserver.rb:138:in `service'
  /home/shrilatha/.rvm/rubies/ruby-1.9.3-p484/lib/ruby/1.9.1/webrick/httpserver.rb:94:in `run'
  /home/shrilatha/.rvm/rubies/ruby-1.9.3-p484/lib/ruby/1.9.1/webrick/server.rb:191:in `block in start_thread'


  Rendered /home/shrilatha/.rvm/gems/ruby-1.9.3-p484/gems/actionpack-4.0.2/lib/action_dispatch/middleware/templates/rescues/_trace.erb (1.6ms)
  Rendered /home/shrilatha/.rvm/gems/ruby-1.9.3-p484/gems/actionpack-4.0.2/lib/action_dispatch/middleware/templates/routes/_route.html.erb (1.3ms)
  Rendered /home/shrilatha/.rvm/gems/ruby-1.9.3-p484/gems/actionpack-4.0.2/lib/action_dispatch/middleware/templates/routes/_table.html.erb (2.5ms)
  Rendered /home/shrilatha/.rvm/gems/ruby-1.9.3-p484/gems/actionpack-4.0.2/lib/action_dispatch/middleware/templates/rescues/routing_error.erb within rescues/layout (28.6ms)


Started GET "/Repository/ShopImages/7/fleetwood-mac.jpeg" for 127.0.0.1 at 2015-12-01 09:34:14 +0530

ActionController::RoutingError (No route matches [GET] "/Repository/ShopImages/7/fleetwood-mac.jpeg"):
  actionpack (4.0.2) lib/action_dispatch/middleware/debug_exceptions.rb:21:in `call'
  actionpack (4.0.2) lib/action_dispatch/middleware/show_exceptions.rb:30:in `call'
  railties (4.0.2) lib/rails/rack/logger.rb:38:in `call_app'
  railties (4.0.2) lib/rails/rack/logger.rb:20:in `block in call'
  activesupport (4.0.2) lib/active_support/tagged_logging.rb:67:in `block in tagged'
  activesupport (4.0.2) lib/active_support/tagged_logging.rb:25:in `tagged'
  activesupport (4.0.2) lib/active_support/tagged_logging.rb:67:in `tagged'
  railties (4.0.2) lib/rails/rack/logger.rb:20:in `call'
  actionpack (4.0.2) lib/action_dispatch/middleware/request_id.rb:21:in `call'
  rack (1.5.5) lib/rack/methodoverride.rb:21:in `call'
  rack (1.5.5) lib/rack/runtime.rb:17:in `call'
  activesupport (4.0.2) lib/active_support/cache/strategy/local_cache.rb:83:in `call'
  rack (1.5.5) lib/rack/lock.rb:17:in `call'
  actionpack (4.0.2) lib/action_dispatch/middleware/static.rb:64:in `call'
  rack (1.5.5) lib/rack/sendfile.rb:112:in `call'
  railties (4.0.2) lib/rails/engine.rb:511:in `call'
  railties (4.0.2) lib/rails/application.rb:97:in `call'
  rack (1.5.5) lib/rack/lock.rb:17:in `call'
  rack (1.5.5) lib/rack/content_length.rb:14:in `call'
  rack (1.5.5) lib/rack/handler/webrick.rb:60:in `service'
  /home/shrilatha/.rvm/rubies/ruby-1.9.3-p484/lib/ruby/1.9.1/webrick/httpserver.rb:138:in `service'
  /home/shrilatha/.rvm/rubies/ruby-1.9.3-p484/lib/ruby/1.9.1/webrick/httpserver.rb:94:in `run'
  /home/shrilatha/.rvm/rubies/ruby-1.9.3-p484/lib/ruby/1.9.1/webrick/server.rb:191:in `block in start_thread'


  Rendered /home/shrilatha/.rvm/gems/ruby-1.9.3-p484/gems/actionpack-4.0.2/lib/action_dispatch/middleware/templates/rescues/_trace.erb (1.7ms)
  Rendered /home/shrilatha/.rvm/gems/ruby-1.9.3-p484/gems/actionpack-4.0.2/lib/action_dispatch/middleware/templates/routes/_route.html.erb (2.4ms)
  Rendered /home/shrilatha/.rvm/gems/ruby-1.9.3-p484/gems/actionpack-4.0.2/lib/action_dispatch/middleware/templates/routes/_table.html.erb (1.8ms)
  Rendered /home/shrilatha/.rvm/gems/ruby-1.9.3-p484/gems/actionpack-4.0.2/lib/action_dispatch/middleware/templates/rescues/routing_error.erb within rescues/layout (40.2ms)


Started GET "/Repository/ShopImages/8/Pierce_the_veil.jpg" for 127.0.0.1 at 2015-12-01 09:34:14 +0530

ActionController::RoutingError (No route matches [GET] "/Repository/ShopImages/8/Pierce_the_veil.jpg"):
  actionpack (4.0.2) lib/action_dispatch/middleware/debug_exceptions.rb:21:in `call'
  actionpack (4.0.2) lib/action_dispatch/middleware/show_exceptions.rb:30:in `call'
  railties (4.0.2) lib/rails/rack/logger.rb:38:in `call_app'
  railties (4.0.2) lib/rails/rack/logger.rb:20:in `block in call'
  activesupport (4.0.2) lib/active_support/tagged_logging.rb:67:in `block in tagged'
  activesupport (4.0.2) lib/active_support/tagged_logging.rb:25:in `tagged'
  activesupport (4.0.2) lib/active_support/tagged_logging.rb:67:in `tagged'
  railties (4.0.2) lib/rails/rack/logger.rb:20:in `call'
  actionpack (4.0.2) lib/action_dispatch/middleware/request_id.rb:21:in `call'
  rack (1.5.5) lib/rack/methodoverride.rb:21:in `call'
  rack (1.5.5) lib/rack/runtime.rb:17:in `call'
  activesupport (4.0.2) lib/active_support/cache/strategy/local_cache.rb:83:in `call'
  rack (1.5.5) lib/rack/lock.rb:17:in `call'
  actionpack (4.0.2) lib/action_dispatch/middleware/static.rb:64:in `call'
  rack (1.5.5) lib/rack/sendfile.rb:112:in `call'
  railties (4.0.2) lib/rails/engine.rb:511:in `call'
  railties (4.0.2) lib/rails/application.rb:97:in `call'
  rack (1.5.5) lib/rack/lock.rb:17:in `call'
  rack (1.5.5) lib/rack/content_length.rb:14:in `call'
  rack (1.5.5) lib/rack/handler/webrick.rb:60:in `service'
  /home/shrilatha/.rvm/rubies/ruby-1.9.3-p484/lib/ruby/1.9.1/webrick/httpserver.rb:138:in `service'
  /home/shrilatha/.rvm/rubies/ruby-1.9.3-p484/lib/ruby/1.9.1/webrick/httpserver.rb:94:in `run'
  /home/shrilatha/.rvm/rubies/ruby-1.9.3-p484/lib/ruby/1.9.1/webrick/server.rb:191:in `block in start_thread'


  Rendered /home/shrilatha/.rvm/gems/ruby-1.9.3-p484/gems/actionpack-4.0.2/lib/action_dispatch/middleware/templates/rescues/_trace.erb (1.5ms)
  Rendered /home/shrilatha/.rvm/gems/ruby-1.9.3-p484/gems/actionpack-4.0.2/lib/action_dispatch/middleware/templates/routes/_route.html.erb (2.2ms)
  Rendered /home/shrilatha/.rvm/gems/ruby-1.9.3-p484/gems/actionpack-4.0.2/lib/action_dispatch/middleware/templates/routes/_table.html.erb (2.3ms)
  Rendered /home/shrilatha/.rvm/gems/ruby-1.9.3-p484/gems/actionpack-4.0.2/lib/action_dispatch/middleware/templates/rescues/routing_error.erb within rescues/layout (34.6ms)


Started GET "/Repository/ShopImages/8/Nightwish.png" for 127.0.0.1 at 2015-12-01 09:34:14 +0530

ActionController::RoutingError (No route matches [GET] "/Repository/ShopImages/8/Nightwish.png"):
  actionpack (4.0.2) lib/action_dispatch/middleware/debug_exceptions.rb:21:in `call'
  actionpack (4.0.2) lib/action_dispatch/middleware/show_exceptions.rb:30:in `call'
  railties (4.0.2) lib/rails/rack/logger.rb:38:in `call_app'
  railties (4.0.2) lib/rails/rack/logger.rb:20:in `block in call'
  activesupport (4.0.2) lib/active_support/tagged_logging.rb:67:in `block in tagged'
  activesupport (4.0.2) lib/active_support/tagged_logging.rb:25:in `tagged'
  activesupport (4.0.2) lib/active_support/tagged_logging.rb:67:in `tagged'
  railties (4.0.2) lib/rails/rack/logger.rb:20:in `call'
  actionpack (4.0.2) lib/action_dispatch/middleware/request_id.rb:21:in `call'
  rack (1.5.5) lib/rack/methodoverride.rb:21:in `call'
  rack (1.5.5) lib/rack/runtime.rb:17:in `call'
  activesupport (4.0.2) lib/active_support/cache/strategy/local_cache.rb:83:in `call'
  rack (1.5.5) lib/rack/lock.rb:17:in `call'
  actionpack (4.0.2) lib/action_dispatch/middleware/static.rb:64:in `call'
  rack (1.5.5) lib/rack/sendfile.rb:112:in `call'
  railties (4.0.2) lib/rails/engine.rb:511:in `call'
  railties (4.0.2) lib/rails/application.rb:97:in `call'
  rack (1.5.5) lib/rack/lock.rb:17:in `call'
  rack (1.5.5) lib/rack/content_length.rb:14:in `call'
  rack (1.5.5) lib/rack/handler/webrick.rb:60:in `service'
  /home/shrilatha/.rvm/rubies/ruby-1.9.3-p484/lib/ruby/1.9.1/webrick/httpserver.rb:138:in `service'
  /home/shrilatha/.rvm/rubies/ruby-1.9.3-p484/lib/ruby/1.9.1/webrick/httpserver.rb:94:in `run'
  /home/shrilatha/.rvm/rubies/ruby-1.9.3-p484/lib/ruby/1.9.1/webrick/server.rb:191:in `block in start_thread'


  Rendered /home/shrilatha/.rvm/gems/ruby-1.9.3-p484/gems/actionpack-4.0.2/lib/action_dispatch/middleware/templates/rescues/_trace.erb (3.1ms)
  Rendered /home/shrilatha/.rvm/gems/ruby-1.9.3-p484/gems/actionpack-4.0.2/lib/action_dispatch/middleware/templates/routes/_route.html.erb (1.9ms)
  Rendered /home/shrilatha/.rvm/gems/ruby-1.9.3-p484/gems/actionpack-4.0.2/lib/action_dispatch/middleware/templates/routes/_table.html.erb (3.5ms)
  Rendered /home/shrilatha/.rvm/gems/ruby-1.9.3-p484/gems/actionpack-4.0.2/lib/action_dispatch/middleware/templates/rescues/routing_error.erb within rescues/layout (43.9ms)


Started GET "/Repository/ShopImages/8/images.jpg" for 127.0.0.1 at 2015-12-01 09:34:14 +0530

ActionController::RoutingError (No route matches [GET] "/Repository/ShopImages/8/images.jpg"):
  actionpack (4.0.2) lib/action_dispatch/middleware/debug_exceptions.rb:21:in `call'
  actionpack (4.0.2) lib/action_dispatch/middleware/show_exceptions.rb:30:in `call'
  railties (4.0.2) lib/rails/rack/logger.rb:38:in `call_app'
  railties (4.0.2) lib/rails/rack/logger.rb:20:in `block in call'
  activesupport (4.0.2) lib/active_support/tagged_logging.rb:67:in `block in tagged'
  activesupport (4.0.2) lib/active_support/tagged_logging.rb:25:in `tagged'
  activesupport (4.0.2) lib/active_support/tagged_logging.rb:67:in `tagged'
  railties (4.0.2) lib/rails/rack/logger.rb:20:in `call'
  actionpack (4.0.2) lib/action_dispatch/middleware/request_id.rb:21:in `call'
  rack (1.5.5) lib/rack/methodoverride.rb:21:in `call'
  rack (1.5.5) lib/rack/runtime.rb:17:in `call'
  activesupport (4.0.2) lib/active_support/cache/strategy/local_cache.rb:83:in `call'
  rack (1.5.5) lib/rack/lock.rb:17:in `call'
  actionpack (4.0.2) lib/action_dispatch/middleware/static.rb:64:in `call'
  rack (1.5.5) lib/rack/sendfile.rb:112:in `call'
  railties (4.0.2) lib/rails/engine.rb:511:in `call'
  railties (4.0.2) lib/rails/application.rb:97:in `call'
  rack (1.5.5) lib/rack/lock.rb:17:in `call'
  rack (1.5.5) lib/rack/content_length.rb:14:in `call'
  rack (1.5.5) lib/rack/handler/webrick.rb:60:in `service'
  /home/shrilatha/.rvm/rubies/ruby-1.9.3-p484/lib/ruby/1.9.1/webrick/httpserver.rb:138:in `service'
  /home/shrilatha/.rvm/rubies/ruby-1.9.3-p484/lib/ruby/1.9.1/webrick/httpserver.rb:94:in `run'
  /home/shrilatha/.rvm/rubies/ruby-1.9.3-p484/lib/ruby/1.9.1/webrick/server.rb:191:in `block in start_thread'


  Rendered /home/shrilatha/.rvm/gems/ruby-1.9.3-p484/gems/actionpack-4.0.2/lib/action_dispatch/middleware/templates/rescues/_trace.erb (4.9ms)
  Rendered /home/shrilatha/.rvm/gems/ruby-1.9.3-p484/gems/actionpack-4.0.2/lib/action_dispatch/middleware/templates/routes/_route.html.erb (2.0ms)
  Rendered /home/shrilatha/.rvm/gems/ruby-1.9.3-p484/gems/actionpack-4.0.2/lib/action_dispatch/middleware/templates/routes/_table.html.erb (2.2ms)
  Rendered /home/shrilatha/.rvm/gems/ruby-1.9.3-p484/gems/actionpack-4.0.2/lib/action_dispatch/middleware/templates/rescues/routing_error.erb within rescues/layout (48.5ms)


Started GET "/Repository/ShopImages/41/soundofmusic-685_0.jpg" for 127.0.0.1 at 2015-12-01 09:34:14 +0530

ActionController::RoutingError (No route matches [GET] "/Repository/ShopImages/41/soundofmusic-685_0.jpg"):
  actionpack (4.0.2) lib/action_dispatch/middleware/debug_exceptions.rb:21:in `call'
  actionpack (4.0.2) lib/action_dispatch/middleware/show_exceptions.rb:30:in `call'
  railties (4.0.2) lib/rails/rack/logger.rb:38:in `call_app'
  railties (4.0.2) lib/rails/rack/logger.rb:20:in `block in call'
  activesupport (4.0.2) lib/active_support/tagged_logging.rb:67:in `block in tagged'
  activesupport (4.0.2) lib/active_support/tagged_logging.rb:25:in `tagged'
  activesupport (4.0.2) lib/active_support/tagged_logging.rb:67:in `tagged'
  railties (4.0.2) lib/rails/rack/logger.rb:20:in `call'
  actionpack (4.0.2) lib/action_dispatch/middleware/request_id.rb:21:in `call'
  rack (1.5.5) lib/rack/methodoverride.rb:21:in `call'
  rack (1.5.5) lib/rack/runtime.rb:17:in `call'
  activesupport (4.0.2) lib/active_support/cache/strategy/local_cache.rb:83:in `call'
  rack (1.5.5) lib/rack/lock.rb:17:in `call'
  actionpack (4.0.2) lib/action_dispatch/middleware/static.rb:64:in `call'
  rack (1.5.5) lib/rack/sendfile.rb:112:in `call'
  railties (4.0.2) lib/rails/engine.rb:511:in `call'
  railties (4.0.2) lib/rails/application.rb:97:in `call'
  rack (1.5.5) lib/rack/lock.rb:17:in `call'
  rack (1.5.5) lib/rack/content_length.rb:14:in `call'
  rack (1.5.5) lib/rack/handler/webrick.rb:60:in `service'
  /home/shrilatha/.rvm/rubies/ruby-1.9.3-p484/lib/ruby/1.9.1/webrick/httpserver.rb:138:in `service'
  /home/shrilatha/.rvm/rubies/ruby-1.9.3-p484/lib/ruby/1.9.1/webrick/httpserver.rb:94:in `run'
  /home/shrilatha/.rvm/rubies/ruby-1.9.3-p484/lib/ruby/1.9.1/webrick/server.rb:191:in `block in start_thread'


  Rendered /home/shrilatha/.rvm/gems/ruby-1.9.3-p484/gems/actionpack-4.0.2/lib/action_dispatch/middleware/templates/rescues/_trace.erb (1.3ms)
  Rendered /home/shrilatha/.rvm/gems/ruby-1.9.3-p484/gems/actionpack-4.0.2/lib/action_dispatch/middleware/templates/routes/_route.html.erb (1.1ms)
  Rendered /home/shrilatha/.rvm/gems/ruby-1.9.3-p484/gems/actionpack-4.0.2/lib/action_dispatch/middleware/templates/routes/_table.html.erb (1.7ms)
  Rendered /home/shrilatha/.rvm/gems/ruby-1.9.3-p484/gems/actionpack-4.0.2/lib/action_dispatch/middleware/templates/rescues/routing_error.erb within rescues/layout (21.6ms)


Started GET "/assets/fontawesome-webfont.woff2?v=4.5.0" for 127.0.0.1 at 2015-12-01 09:34:14 +0530


Started GET "/assets/Loader.GIF" for 127.0.0.1 at 2015-12-01 09:34:14 +0530


Started GET "/Repository/ShopImages/7/events.jpg" for 127.0.0.1 at 2015-12-01 09:34:14 +0530

ActionController::RoutingError (No route matches [GET] "/Repository/ShopImages/7/events.jpg"):
  actionpack (4.0.2) lib/action_dispatch/middleware/debug_exceptions.rb:21:in `call'
  actionpack (4.0.2) lib/action_dispatch/middleware/show_exceptions.rb:30:in `call'
  railties (4.0.2) lib/rails/rack/logger.rb:38:in `call_app'
  railties (4.0.2) lib/rails/rack/logger.rb:20:in `block in call'
  activesupport (4.0.2) lib/active_support/tagged_logging.rb:67:in `block in tagged'
  activesupport (4.0.2) lib/active_support/tagged_logging.rb:25:in `tagged'
  activesupport (4.0.2) lib/active_support/tagged_logging.rb:67:in `tagged'
  railties (4.0.2) lib/rails/rack/logger.rb:20:in `call'
  actionpack (4.0.2) lib/action_dispatch/middleware/request_id.rb:21:in `call'
  rack (1.5.5) lib/rack/methodoverride.rb:21:in `call'
  rack (1.5.5) lib/rack/runtime.rb:17:in `call'
  activesupport (4.0.2) lib/active_support/cache/strategy/local_cache.rb:83:in `call'
  rack (1.5.5) lib/rack/lock.rb:17:in `call'
  actionpack (4.0.2) lib/action_dispatch/middleware/static.rb:64:in `call'
  rack (1.5.5) lib/rack/sendfile.rb:112:in `call'
  railties (4.0.2) lib/rails/engine.rb:511:in `call'
  railties (4.0.2) lib/rails/application.rb:97:in `call'
  rack (1.5.5) lib/rack/lock.rb:17:in `call'
  rack (1.5.5) lib/rack/content_length.rb:14:in `call'
  rack (1.5.5) lib/rack/handler/webrick.rb:60:in `service'
  /home/shrilatha/.rvm/rubies/ruby-1.9.3-p484/lib/ruby/1.9.1/webrick/httpserver.rb:138:in `service'
  /home/shrilatha/.rvm/rubies/ruby-1.9.3-p484/lib/ruby/1.9.1/webrick/httpserver.rb:94:in `run'
  /home/shrilatha/.rvm/rubies/ruby-1.9.3-p484/lib/ruby/1.9.1/webrick/server.rb:191:in `block in start_thread'


  Rendered /home/shrilatha/.rvm/gems/ruby-1.9.3-p484/gems/actionpack-4.0.2/lib/action_dispatch/middleware/templates/rescues/_trace.erb (1.4ms)
  Rendered /home/shrilatha/.rvm/gems/ruby-1.9.3-p484/gems/actionpack-4.0.2/lib/action_dispatch/middleware/templates/routes/_route.html.erb (1.2ms)
  Rendered /home/shrilatha/.rvm/gems/ruby-1.9.3-p484/gems/actionpack-4.0.2/lib/action_dispatch/middleware/templates/routes/_table.html.erb (2.6ms)
  Rendered /home/shrilatha/.rvm/gems/ruby-1.9.3-p484/gems/actionpack-4.0.2/lib/action_dispatch/middleware/templates/rescues/routing_error.erb within rescues/layout (24.5ms)


Started GET "/Repository/ShopImages/7/Disney_on_Ice_Frozen.jpg" for 127.0.0.1 at 2015-12-01 09:34:14 +0530

ActionController::RoutingError (No route matches [GET] "/Repository/ShopImages/7/Disney_on_Ice_Frozen.jpg"):
  actionpack (4.0.2) lib/action_dispatch/middleware/debug_exceptions.rb:21:in `call'
  actionpack (4.0.2) lib/action_dispatch/middleware/show_exceptions.rb:30:in `call'
  railties (4.0.2) lib/rails/rack/logger.rb:38:in `call_app'
  railties (4.0.2) lib/rails/rack/logger.rb:20:in `block in call'
  activesupport (4.0.2) lib/active_support/tagged_logging.rb:67:in `block in tagged'
  activesupport (4.0.2) lib/active_support/tagged_logging.rb:25:in `tagged'
  activesupport (4.0.2) lib/active_support/tagged_logging.rb:67:in `tagged'
  railties (4.0.2) lib/rails/rack/logger.rb:20:in `call'
  actionpack (4.0.2) lib/action_dispatch/middleware/request_id.rb:21:in `call'
  rack (1.5.5) lib/rack/methodoverride.rb:21:in `call'
  rack (1.5.5) lib/rack/runtime.rb:17:in `call'
  activesupport (4.0.2) lib/active_support/cache/strategy/local_cache.rb:83:in `call'
  rack (1.5.5) lib/rack/lock.rb:17:in `call'
  actionpack (4.0.2) lib/action_dispatch/middleware/static.rb:64:in `call'
  rack (1.5.5) lib/rack/sendfile.rb:112:in `call'
  railties (4.0.2) lib/rails/engine.rb:511:in `call'
  railties (4.0.2) lib/rails/application.rb:97:in `call'
  rack (1.5.5) lib/rack/lock.rb:17:in `call'
  rack (1.5.5) lib/rack/content_length.rb:14:in `call'
  rack (1.5.5) lib/rack/handler/webrick.rb:60:in `service'
  /home/shrilatha/.rvm/rubies/ruby-1.9.3-p484/lib/ruby/1.9.1/webrick/httpserver.rb:138:in `service'
  /home/shrilatha/.rvm/rubies/ruby-1.9.3-p484/lib/ruby/1.9.1/webrick/httpserver.rb:94:in `run'
  /home/shrilatha/.rvm/rubies/ruby-1.9.3-p484/lib/ruby/1.9.1/webrick/server.rb:191:in `block in start_thread'


  Rendered /home/shrilatha/.rvm/gems/ruby-1.9.3-p484/gems/actionpack-4.0.2/lib/action_dispatch/middleware/templates/rescues/_trace.erb (1.4ms)
  Rendered /home/shrilatha/.rvm/gems/ruby-1.9.3-p484/gems/actionpack-4.0.2/lib/action_dispatch/middleware/templates/routes/_route.html.erb (1.8ms)
  Rendered /home/shrilatha/.rvm/gems/ruby-1.9.3-p484/gems/actionpack-4.0.2/lib/action_dispatch/middleware/templates/routes/_table.html.erb (1.4ms)
  Rendered /home/shrilatha/.rvm/gems/ruby-1.9.3-p484/gems/actionpack-4.0.2/lib/action_dispatch/middleware/templates/rescues/routing_error.erb within rescues/layout (22.4ms)


Started GET "/shop/new" for 127.0.0.1 at 2015-12-01 09:34:17 +0530
Processing by ShopController#new as HTML
  Rendered partials/_tabs.html.erb (33.7ms)
  Rendered shop/new.html.erb within layouts/application (165.7ms)
Completed 200 OK in 188ms (Views: 186.9ms | ActiveRecord: 0.0ms)


Started GET "/" for 127.0.0.1 at 2015-12-01 09:34:57 +0530
Processing by ShopController#new as HTML
  Rendered partials/_tabs.html.erb (1.5ms)
  Rendered shop/new.html.erb within layouts/application (8.6ms)
Completed 200 OK in 37ms (Views: 35.9ms | ActiveRecord: 0.0ms)


Started GET "/assets/application.css?body=1" for 127.0.0.1 at 2015-12-01 09:34:58 +0530


Started GET "/assets/bootstrap.css?body=1" for 127.0.0.1 at 2015-12-01 09:34:58 +0530


Started GET "/assets/bootstrap-theme.css?body=1" for 127.0.0.1 at 2015-12-01 09:34:58 +0530


Started GET "/assets/jquery.js?body=1" for 127.0.0.1 at 2015-12-01 09:34:58 +0530


Started GET "/assets/font-awesome.css?body=1" for 127.0.0.1 at 2015-12-01 09:34:58 +0530


Started GET "/assets/jquery-2.1.4.min.js?body=1" for 127.0.0.1 at 2015-12-01 09:34:58 +0530


Started GET "/assets/jquery_ujs.js?body=1" for 127.0.0.1 at 2015-12-01 09:34:58 +0530


Started GET "/assets/theme.css?body=1" for 127.0.0.1 at 2015-12-01 09:34:58 +0530


Started GET "/assets/underscore.js?body=1" for 127.0.0.1 at 2015-12-01 09:34:58 +0530


Started GET "/assets/jquery.remotipart.js?body=1" for 127.0.0.1 at 2015-12-01 09:34:58 +0530


Started GET "/assets/jquery.iframe-transport.js?body=1" for 127.0.0.1 at 2015-12-01 09:34:58 +0530


Started GET "/assets/gmaps/base.js?body=1" for 127.0.0.1 at 2015-12-01 09:34:58 +0530


Started GET "/assets/gmaps/objects/base_builder.js?body=1" for 127.0.0.1 at 2015-12-01 09:34:58 +0530


Started GET "/assets/gmaps/base/base.js?body=1" for 127.0.0.1 at 2015-12-01 09:34:58 +0530


Started GET "/assets/gmaps/objects/builder.js?body=1" for 127.0.0.1 at 2015-12-01 09:34:58 +0530


Started GET "/assets/gmaps/objects/handler.js?body=1" for 127.0.0.1 at 2015-12-01 09:34:58 +0530


Started GET "/assets/gmaps/objects/null_clusterer.js?body=1" for 127.0.0.1 at 2015-12-01 09:34:58 +0530


Started GET "/assets/gmaps/google/objects/common.js?body=1" for 127.0.0.1 at 2015-12-01 09:34:58 +0530


Started GET "/assets/gmaps/google/builders/bound.js?body=1" for 127.0.0.1 at 2015-12-01 09:34:58 +0530


Started GET "/assets/gmaps/google/builders/circle.js?body=1" for 127.0.0.1 at 2015-12-01 09:34:58 +0530


Started GET "/assets/gmaps/google/builders/kml.js?body=1" for 127.0.0.1 at 2015-12-01 09:34:58 +0530


Started GET "/assets/gmaps/google/builders/clusterer.js?body=1" for 127.0.0.1 at 2015-12-01 09:34:58 +0530


Started GET "/assets/gmaps/google/builders/map.js?body=1" for 127.0.0.1 at 2015-12-01 09:34:58 +0530


Started GET "/assets/gmaps/google/builders/marker.js?body=1" for 127.0.0.1 at 2015-12-01 09:34:58 +0530


Started GET "/assets/gmaps/google/builders/polyline.js?body=1" for 127.0.0.1 at 2015-12-01 09:34:58 +0530


Started GET "/assets/gmaps/google/builders/polygon.js?body=1" for 127.0.0.1 at 2015-12-01 09:34:58 +0530


Started GET "/assets/gmaps/google/objects/circle.js?body=1" for 127.0.0.1 at 2015-12-01 09:34:58 +0530


Started GET "/assets/gmaps/google/objects/bound.js?body=1" for 127.0.0.1 at 2015-12-01 09:34:58 +0530


Started GET "/assets/gmaps/google/objects/clusterer.js?body=1" for 127.0.0.1 at 2015-12-01 09:34:58 +0530


Started GET "/assets/gmaps/google/objects/polygon.js?body=1" for 127.0.0.1 at 2015-12-01 09:34:58 +0530


Started GET "/assets/gmaps/google/objects/map.js?body=1" for 127.0.0.1 at 2015-12-01 09:34:58 +0530


Started GET "/assets/gmaps/google/objects/polyline.js?body=1" for 127.0.0.1 at 2015-12-01 09:34:58 +0530


Started GET "/assets/gmaps/google/objects/marker.js?body=1" for 127.0.0.1 at 2015-12-01 09:34:58 +0530


Started GET "/assets/gmaps/google/objects/kml.js?body=1" for 127.0.0.1 at 2015-12-01 09:34:58 +0530


Started GET "/assets/gmaps/google/primitives.js?body=1" for 127.0.0.1 at 2015-12-01 09:34:58 +0530


Started GET "/assets/gmaps/google.js?body=1" for 127.0.0.1 at 2015-12-01 09:34:58 +0530


Started GET "/assets/turbolinks.js?body=1" for 127.0.0.1 at 2015-12-01 09:34:58 +0530


Started GET "/assets/bootstrap-growl.min.js?body=1" for 127.0.0.1 at 2015-12-01 09:34:58 +0530


Started GET "/assets/bootstrap.js?body=1" for 127.0.0.1 at 2015-12-01 09:34:58 +0530


Started GET "/assets/shop.js?body=1" for 127.0.0.1 at 2015-12-01 09:34:58 +0530


Started GET "/assets/application.js?body=1" for 127.0.0.1 at 2015-12-01 09:34:58 +0530


Started GET "/assets/Logo.png" for 127.0.0.1 at 2015-12-01 09:34:58 +0530


Started GET "/" for 127.0.0.1 at 2015-12-01 09:37:12 +0530
  [1m[36mActiveRecord::SchemaMigration Load (1.1ms)[0m  [1mSELECT "schema_migrations".* FROM "schema_migrations"[0m
Processing by ShopController#new as HTML
  Rendered partials/_tabs.html.erb (6.7ms)
  Rendered shop/new.html.erb within layouts/application (93.2ms)
Completed 200 OK in 5597ms (Views: 5566.4ms | ActiveRecord: 0.0ms)


Started GET "/assets/application.css?body=1" for 127.0.0.1 at 2015-12-01 09:37:18 +0530


Started GET "/assets/font-awesome.css?body=1" for 127.0.0.1 at 2015-12-01 09:37:18 +0530


Started GET "/assets/bootstrap.css?body=1" for 127.0.0.1 at 2015-12-01 09:37:18 +0530


Started GET "/assets/theme.css?body=1" for 127.0.0.1 at 2015-12-01 09:37:18 +0530


Started GET "/assets/bootstrap-theme.css?body=1" for 127.0.0.1 at 2015-12-01 09:37:18 +0530


Started GET "/assets/jquery-2.1.4.min.js?body=1" for 127.0.0.1 at 2015-12-01 09:37:18 +0530


Started GET "/assets/jquery.js?body=1" for 127.0.0.1 at 2015-12-01 09:37:18 +0530


Started GET "/assets/jquery_ujs.js?body=1" for 127.0.0.1 at 2015-12-01 09:37:18 +0530


Started GET "/assets/jquery.remotipart.js?body=1" for 127.0.0.1 at 2015-12-01 09:37:18 +0530


Started GET "/assets/jquery.iframe-transport.js?body=1" for 127.0.0.1 at 2015-12-01 09:37:18 +0530


Started GET "/assets/gmaps/base.js?body=1" for 127.0.0.1 at 2015-12-01 09:37:18 +0530


Started GET "/assets/underscore.js?body=1" for 127.0.0.1 at 2015-12-01 09:37:18 +0530


Started GET "/assets/gmaps/objects/handler.js?body=1" for 127.0.0.1 at 2015-12-01 09:37:18 +0530


Started GET "/assets/gmaps/objects/base_builder.js?body=1" for 127.0.0.1 at 2015-12-01 09:37:18 +0530


Started GET "/assets/gmaps/base/base.js?body=1" for 127.0.0.1 at 2015-12-01 09:37:18 +0530


Started GET "/assets/gmaps/objects/builder.js?body=1" for 127.0.0.1 at 2015-12-01 09:37:18 +0530


Started GET "/assets/gmaps/google/objects/common.js?body=1" for 127.0.0.1 at 2015-12-01 09:37:18 +0530


Started GET "/assets/gmaps/objects/null_clusterer.js?body=1" for 127.0.0.1 at 2015-12-01 09:37:18 +0530


Started GET "/assets/gmaps/google/builders/clusterer.js?body=1" for 127.0.0.1 at 2015-12-01 09:37:18 +0530


Started GET "/assets/gmaps/google/builders/bound.js?body=1" for 127.0.0.1 at 2015-12-01 09:37:18 +0530


Started GET "/assets/gmaps/google/builders/kml.js?body=1" for 127.0.0.1 at 2015-12-01 09:37:18 +0530


Started GET "/assets/gmaps/google/builders/circle.js?body=1" for 127.0.0.1 at 2015-12-01 09:37:18 +0530


Started GET "/assets/gmaps/google/builders/map.js?body=1" for 127.0.0.1 at 2015-12-01 09:37:19 +0530


Started GET "/assets/gmaps/google/builders/marker.js?body=1" for 127.0.0.1 at 2015-12-01 09:37:19 +0530


Started GET "/assets/gmaps/google/builders/polygon.js?body=1" for 127.0.0.1 at 2015-12-01 09:37:19 +0530


Started GET "/assets/gmaps/google/objects/bound.js?body=1" for 127.0.0.1 at 2015-12-01 09:37:19 +0530


Started GET "/assets/gmaps/google/builders/polyline.js?body=1" for 127.0.0.1 at 2015-12-01 09:37:19 +0530


Started GET "/assets/gmaps/google/objects/circle.js?body=1" for 127.0.0.1 at 2015-12-01 09:37:19 +0530


Started GET "/assets/gmaps/google/objects/clusterer.js?body=1" for 127.0.0.1 at 2015-12-01 09:37:19 +0530


Started GET "/assets/gmaps/google/objects/kml.js?body=1" for 127.0.0.1 at 2015-12-01 09:37:19 +0530


Started GET "/assets/gmaps/google/objects/map.js?body=1" for 127.0.0.1 at 2015-12-01 09:37:19 +0530


Started GET "/assets/gmaps/google/objects/marker.js?body=1" for 127.0.0.1 at 2015-12-01 09:37:19 +0530


Started GET "/assets/gmaps/google/objects/polygon.js?body=1" for 127.0.0.1 at 2015-12-01 09:37:19 +0530


Started GET "/assets/gmaps/google/objects/polyline.js?body=1" for 127.0.0.1 at 2015-12-01 09:37:19 +0530


Started GET "/assets/gmaps/google/primitives.js?body=1" for 127.0.0.1 at 2015-12-01 09:37:19 +0530


Started GET "/assets/gmaps/google.js?body=1" for 127.0.0.1 at 2015-12-01 09:37:19 +0530


Started GET "/assets/turbolinks.js?body=1" for 127.0.0.1 at 2015-12-01 09:37:19 +0530


Started GET "/assets/bootstrap-growl.min.js?body=1" for 127.0.0.1 at 2015-12-01 09:37:19 +0530


Started GET "/assets/bootstrap.js?body=1" for 127.0.0.1 at 2015-12-01 09:37:19 +0530


Started GET "/assets/shop.js?body=1" for 127.0.0.1 at 2015-12-01 09:37:19 +0530


Started GET "/assets/application.js?body=1" for 127.0.0.1 at 2015-12-01 09:37:19 +0530


Started GET "/assets/Logo.png" for 127.0.0.1 at 2015-12-01 09:37:19 +0530
